{"F:\\teste\\top-finance\\test\\knexfile.ts": {"path":"F:\\teste\\top-finance\\test\\knexfile.ts","statementMap":{"0":{"start":{"line":3,"column":47},"end":{"line":17,"column":2}},"1":{"start":{"line":19,"column":0},"end":{"line":19,"column":22}}},"fnMap":{},"branchMap":{"0":{"loc":{"start":{"line":7,"column":12},"end":{"line":7,"column":45}},"type":"binary-expr","locations":[{"start":{"line":7,"column":12},"end":{"line":7,"column":30}},{"start":{"line":7,"column":34},"end":{"line":7,"column":45}}]},"1":{"loc":{"start":{"line":8,"column":12},"end":{"line":8,"column":70}},"type":"cond-expr","locations":[{"start":{"line":8,"column":34},"end":{"line":8,"column":63}},{"start":{"line":8,"column":66},"end":{"line":8,"column":70}}]},"2":{"loc":{"start":{"line":9,"column":12},"end":{"line":9,"column":45}},"type":"binary-expr","locations":[{"start":{"line":9,"column":12},"end":{"line":9,"column":31}},{"start":{"line":9,"column":35},"end":{"line":9,"column":45}}]},"3":{"loc":{"start":{"line":10,"column":16},"end":{"line":10,"column":53}},"type":"binary-expr","locations":[{"start":{"line":10,"column":16},"end":{"line":10,"column":39}},{"start":{"line":10,"column":43},"end":{"line":10,"column":53}}]},"4":{"loc":{"start":{"line":11,"column":16},"end":{"line":11,"column":51}},"type":"binary-expr","locations":[{"start":{"line":11,"column":16},"end":{"line":11,"column":35}},{"start":{"line":11,"column":39},"end":{"line":11,"column":51}}]}},"s":{"0":1,"1":1},"f":{},"b":{"0":[1,1],"1":[0,1],"2":[1,1],"3":[1,1],"4":[1,1]}}
}
